<?xml version="1.0" encoding="UTF-8"?>
<testsuite name="MasterThesis.AppTest" tests="1" skipped="0" failures="0" errors="0" timestamp="2024-07-27T10:54:14" hostname="DELL5300" time="0.004">
  <properties/>
  <testcase name="testAppHasAGreeting" classname="MasterThesis.AppTest" time="0.004"/>
  <system-out><![CDATA[]]></system-out>
  <system-err><![CDATA[]]></system-err>
</testsuite>
